<?xml version="1.0" encoding="UTF-8" ?>
<testsuite failures="0" time="0.019" errors="0" skipped="0" tests="86" name="com.google.gson.stream.JsonReaderTest">
  <properties>
[...]
</properties>
  <testcase time="0" classname="com.google.gson.stream.JsonReaderTest" name="testBooleans"/>
  <testcase time="0" classname="com.google.gson.stream.JsonReaderTest" name="testNulls"/>
  <testcase time="0" classname="com.google.gson.stream.JsonReaderTest" name="testDoubles"/>
  <testcase time="0.001" classname="com.google.gson.stream.JsonReaderTest" name="testLongs"/>
  <testcase time="0" classname="com.google.gson.stream.JsonReaderTest" name="testReadArray"/>
  <testcase time="0" classname="com.google.gson.stream.JsonReaderTest" name="testReadEmptyArray"/>
  <testcase time="0" classname="com.google.gson.stream.JsonReaderTest" name="testReadObject"/>
  <testcase time="0" classname="com.google.gson.stream.JsonReaderTest" name="testReadEmptyObject"/>
  <testcase time="0" classname="com.google.gson.stream.JsonReaderTest" name="testSkipObject"/>
  <testcase time="0" classname="com.google.gson.stream.JsonReaderTest" name="testHelloWorld"/>
  <testcase time="0" classname="com.google.gson.stream.JsonReaderTest" name="testEmptyString"/>
  <testcase time="0.001" classname="com.google.gson.stream.JsonReaderTest" name="testNoTopLevelObject"/>
  <testcase time="0" classname="com.google.gson.stream.JsonReaderTest" name="testCharacterUnescaping"/>
  <testcase time="0" classname="com.google.gson.stream.JsonReaderTest" name="testUnescapingInvalidCharacters"/>
  <testcase time="0" classname="com.google.gson.stream.JsonReaderTest" name="testUnescapingTruncatedCharacters"/>
  <testcase time="0" classname="com.google.gson.stream.JsonReaderTest" name="testUnescapingTruncatedSequence"/>
  <testcase time="0" classname="com.google.gson.stream.JsonReaderTest" name="testIntegersWithFractionalPartSpecified"/>
  <testcase time="0.001" classname="com.google.gson.stream.JsonReaderTest" name="testStrictNonFiniteDoubles"/>
  <testcase time="0" classname="com.google.gson.stream.JsonReaderTest" name="testStrictQuotedNonFiniteDoubles"/>
  <testcase time="0" classname="com.google.gson.stream.JsonReaderTest" name="testLenientNonFiniteDoubles"/>
  <testcase time="0" classname="com.google.gson.stream.JsonReaderTest" name="testLenientQuotedNonFiniteDoubles"/>
  <testcase time="0" classname="com.google.gson.stream.JsonReaderTest" name="testStrictNonFiniteDoublesWithSkipValue"/>
  <testcase time="0" classname="com.google.gson.stream.JsonReaderTest" name="testNumberWithOctalPrefix"/>
  <testcase time="0" classname="com.google.gson.stream.JsonReaderTest" name="testMixedCaseLiterals"/>
  <testcase time="0" classname="com.google.gson.stream.JsonReaderTest" name="testMissingValue"/>
  <testcase time="0" classname="com.google.gson.stream.JsonReaderTest" name="testPrematureEndOfInput"/>
  <testcase time="0" classname="com.google.gson.stream.JsonReaderTest" name="testPrematurelyClosed"/>
  <testcase time="0" classname="com.google.gson.stream.JsonReaderTest" name="testNextFailuresDoNotAdvance"/>
  <testcase time="0" classname="com.google.gson.stream.JsonReaderTest" name="testStringNullIsNotNull"/>
  <testcase time="0" classname="com.google.gson.stream.JsonReaderTest" name="testNullLiteralIsNotAString"/>
  <testcase time="0" classname="com.google.gson.stream.JsonReaderTest" name="testStrictNameValueSeparator"/>
  <testcase time="0.001" classname="com.google.gson.stream.JsonReaderTest" name="testLenientNameValueSeparator"/>
  <testcase time="0" classname="com.google.gson.stream.JsonReaderTest" name="testStrictNameValueSeparatorWithSkipValue"/>
  <testcase time="0" classname="com.google.gson.stream.JsonReaderTest" name="testStrictComments"/>
  <testcase time="0" classname="com.google.gson.stream.JsonReaderTest" name="testLenientComments"/>
  <testcase time="0" classname="com.google.gson.stream.JsonReaderTest" name="testStrictCommentsWithSkipValue"/>
  <testcase time="0" classname="com.google.gson.stream.JsonReaderTest" name="testStrictUnquotedNames"/>
  <testcase time="0" classname="com.google.gson.stream.JsonReaderTest" name="testLenientUnquotedNames"/>
  <testcase time="0" classname="com.google.gson.stream.JsonReaderTest" name="testStrictUnquotedNamesWithSkipValue"/>
  <testcase time="0" classname="com.google.gson.stream.JsonReaderTest" name="testStrictSingleQuotedNames"/>
  <testcase time="0" classname="com.google.gson.stream.JsonReaderTest" name="testLenientSingleQuotedNames"/>
  <testcase time="0" classname="com.google.gson.stream.JsonReaderTest" name="testStrictSingleQuotedNamesWithSkipValue"/>
  <testcase time="0" classname="com.google.gson.stream.JsonReaderTest" name="testStrictUnquotedStrings"/>
  <testcase time="0" classname="com.google.gson.stream.JsonReaderTest" name="testStrictUnquotedStringsWithSkipValue"/>
  <testcase time="0" classname="com.google.gson.stream.JsonReaderTest" name="testLenientUnquotedStrings"/>
  <testcase time="0" classname="com.google.gson.stream.JsonReaderTest" name="testStrictSingleQuotedStrings"/>
  <testcase time="0" classname="com.google.gson.stream.JsonReaderTest" name="testLenientSingleQuotedStrings"/>
  <testcase time="0" classname="com.google.gson.stream.JsonReaderTest" name="testStrictSingleQuotedStringsWithSkipValue"/>
  <testcase time="0" classname="com.google.gson.stream.JsonReaderTest" name="testStrictSemicolonDelimitedArray"/>
  <testcase time="0" classname="com.google.gson.stream.JsonReaderTest" name="testLenientSemicolonDelimitedArray"/>
  <testcase time="0" classname="com.google.gson.stream.JsonReaderTest" name="testStrictSemicolonDelimitedArrayWithSkipValue"/>
  <testcase time="0" classname="com.google.gson.stream.JsonReaderTest" name="testStrictSemicolonDelimitedNameValuePair"/>
  <testcase time="0" classname="com.google.gson.stream.JsonReaderTest" name="testLenientSemicolonDelimitedNameValuePair"/>
  <testcase time="0" classname="com.google.gson.stream.JsonReaderTest" name="testStrictSemicolonDelimitedNameValuePairWithSkipValue"/>
  <testcase time="0.001" classname="com.google.gson.stream.JsonReaderTest" name="testStrictUnnecessaryArraySeparators"/>
  <testcase time="0" classname="com.google.gson.stream.JsonReaderTest" name="testLenientUnnecessaryArraySeparators"/>
  <testcase time="0" classname="com.google.gson.stream.JsonReaderTest" name="testStrictUnnecessaryArraySeparatorsWithSkipValue"/>
  <testcase time="0" classname="com.google.gson.stream.JsonReaderTest" name="testStrictMultipleTopLevelValues"/>
  <testcase time="0" classname="com.google.gson.stream.JsonReaderTest" name="testLenientMultipleTopLevelValues"/>
  <testcase time="0" classname="com.google.gson.stream.JsonReaderTest" name="testStrictMultipleTopLevelValuesWithSkipValue"/>
  <testcase time="0" classname="com.google.gson.stream.JsonReaderTest" name="testStrictTopLevelValueType"/>
  <testcase time="0" classname="com.google.gson.stream.JsonReaderTest" name="testLenientTopLevelValueType"/>
  <testcase time="0" classname="com.google.gson.stream.JsonReaderTest" name="testStrictTopLevelValueTypeWithSkipValue"/>
  <testcase time="0" classname="com.google.gson.stream.JsonReaderTest" name="testStrictNonExecutePrefix"/>
  <testcase time="0" classname="com.google.gson.stream.JsonReaderTest" name="testStrictNonExecutePrefixWithSkipValue"/>
  <testcase time="0" classname="com.google.gson.stream.JsonReaderTest" name="testLenientNonExecutePrefix"/>
  <testcase time="0" classname="com.google.gson.stream.JsonReaderTest" name="testLenientNonExecutePrefixWithLeadingWhitespace"/>
  <testcase time="0" classname="com.google.gson.stream.JsonReaderTest" name="testLenientPartialNonExecutePrefix"/>
  <testcase time="0.001" classname="com.google.gson.stream.JsonReaderTest" name="testBomIgnoredAsFirstCharacterOfDocument"/>
  <testcase time="0" classname="com.google.gson.stream.JsonReaderTest" name="testBomForbiddenAsOtherCharacterInDocument"/>
  <testcase time="0" classname="com.google.gson.stream.JsonReaderTest" name="testFailWithPosition"/>
  <testcase time="0" classname="com.google.gson.stream.JsonReaderTest" name="testFailWithPositionGreaterThanBufferSize"/>
  <testcase time="0" classname="com.google.gson.stream.JsonReaderTest" name="testFailWithPositionIsOffsetByBom"/>
  <testcase time="0" classname="com.google.gson.stream.JsonReaderTest" name="testDeeplyNestedArrays"/>
  <testcase time="0.001" classname="com.google.gson.stream.JsonReaderTest" name="testDeeplyNestedObjects"/>
  <testcase time="0" classname="com.google.gson.stream.JsonReaderTest" name="testStringEndingInSlash"/>
  <testcase time="0" classname="com.google.gson.stream.JsonReaderTest" name="testDocumentWithCommentEndingInSlash"/>
  <testcase time="0" classname="com.google.gson.stream.JsonReaderTest" name="testStringWithLeadingSlash"/>
  <testcase time="0" classname="com.google.gson.stream.JsonReaderTest" name="testUnterminatedObject"/>
  <testcase time="0" classname="com.google.gson.stream.JsonReaderTest" name="testVeryLongQuotedString"/>
  <testcase time="0.001" classname="com.google.gson.stream.JsonReaderTest" name="testVeryLongUnquotedString"/>
  <testcase time="0.001" classname="com.google.gson.stream.JsonReaderTest" name="testVeryLongUnterminatedString"/>
  <testcase time="0.001" classname="com.google.gson.stream.JsonReaderTest" name="testSkipVeryLongUnquotedString"/>
  <testcase time="0" classname="com.google.gson.stream.JsonReaderTest" name="testStringAsNumberWithTruncatedExponent"/>
  <testcase time="0" classname="com.google.gson.stream.JsonReaderTest" name="testStringAsNumberWithDigitAndNonDigitExponent"/>
  <testcase time="0" classname="com.google.gson.stream.JsonReaderTest" name="testStringAsNumberWithNonDigitExponent"/>
</testsuite>