<?xml version="1.0" encoding="UTF-8" ?>
<testsuite failures="0" time="0.04" errors="1" skipped="0" tests="40" name="com.google.gson.functional.MapTest">
  <properties>
[...]
</properties>
  <testcase time="0.001" classname="com.google.gson.functional.MapTest" name="testMapSerialization"/>
  <testcase time="0.001" classname="com.google.gson.functional.MapTest" name="testMapDeserialization"/>
  <testcase time="0.001" classname="com.google.gson.functional.MapTest" name="testRawMapSerialization"/>
  <testcase time="0.001" classname="com.google.gson.functional.MapTest" name="testMapSerializationEmpty"/>
  <testcase time="0.001" classname="com.google.gson.functional.MapTest" name="testMapDeserializationEmpty"/>
  <testcase time="0.001" classname="com.google.gson.functional.MapTest" name="testMapSerializationWithNullValue"/>
  <testcase time="0.001" classname="com.google.gson.functional.MapTest" name="testMapDeserializationWithNullValue"/>
  <testcase time="0" classname="com.google.gson.functional.MapTest" name="testMapSerializationWithNullValueButSerializeNulls"/>
  <testcase time="0" classname="com.google.gson.functional.MapTest" name="testMapSerializationWithNullKey"/>
  <testcase time="0.001" classname="com.google.gson.functional.MapTest" name="testMapDeserializationWithNullKey"/>
  <testcase time="0" classname="com.google.gson.functional.MapTest" name="testMapSerializationWithIntegerKeys"/>
  <testcase time="0.001" classname="com.google.gson.functional.MapTest" name="testMapDeserializationWithIntegerKeys"/>
  <testcase time="0.005" classname="com.google.gson.functional.MapTest" name="testParameterizedMapSubclassSerialization"/>
  <testcase time="0.002" classname="com.google.gson.functional.MapTest" name="testParameterizedMapSubclassDeserialization">
    <error message="java.util.LinkedHashMap cannot be cast to com.google.gson.functional.MapTest$MyParameterizedMap" type="java.lang.ClassCastException">java.lang.ClassCastException: java.util.LinkedHashMap cannot be cast to com.google.gson.functional.MapTest$MyParameterizedMap
	at com.google.gson.functional.MapTest.testParameterizedMapSubclassDeserialization(MapTest.java:170)
</error>
  </testcase>
  <testcase time="0" classname="com.google.gson.functional.MapTest" name="testMapSubclassSerialization"/>
  <testcase time="0.001" classname="com.google.gson.functional.MapTest" name="testMapStandardSubclassDeserialization"/>
  <testcase time="0" classname="com.google.gson.functional.MapTest" name="testMapSubclassDeserialization"/>
  <testcase time="0.001" classname="com.google.gson.functional.MapTest" name="testCustomSerializerForSpecificMapType"/>
  <testcase time="0.001" classname="com.google.gson.functional.MapTest" name="testMapSerializationWithNullValues"/>
  <testcase time="0" classname="com.google.gson.functional.MapTest" name="testMapSerializationWithNullValuesSerialized"/>
  <testcase time="0.001" classname="com.google.gson.functional.MapTest" name="testMapSerializationWithWildcardValues"/>
  <testcase time="0" classname="com.google.gson.functional.MapTest" name="testMapDeserializationWithWildcardValues"/>
  <testcase time="0" classname="com.google.gson.functional.MapTest" name="testMapOfMapSerialization"/>
  <testcase time="0.001" classname="com.google.gson.functional.MapTest" name="testMapOfMapDeserialization"/>
  <testcase time="0" classname="com.google.gson.functional.MapTest" name="testMapWithQuotes"/>
  <testcase time="0" classname="com.google.gson.functional.MapTest" name="testWriteMapsWithEmptyStringKey"/>
  <testcase time="0.001" classname="com.google.gson.functional.MapTest" name="testReadMapsWithEmptyStringKey"/>
  <testcase time="0.001" classname="com.google.gson.functional.MapTest" name="testSerializeMaps"/>
  <testcase time="0.001" classname="com.google.gson.functional.MapTest" name="testInterfaceTypeMap"/>
  <testcase time="0.002" classname="com.google.gson.functional.MapTest" name="testInterfaceTypeMapWithSerializer"/>
  <testcase time="0.001" classname="com.google.gson.functional.MapTest" name="testGeneralMapField"/>
  <testcase time="0.001" classname="com.google.gson.functional.MapTest" name="testComplexKeysSerialization"/>
  <testcase time="0" classname="com.google.gson.functional.MapTest" name="testComplexKeysDeserialization"/>
  <testcase time="0.001" classname="com.google.gson.functional.MapTest" name="testStringKeyDeserialization"/>
  <testcase time="0" classname="com.google.gson.functional.MapTest" name="testNumberKeyDeserialization"/>
  <testcase time="0" classname="com.google.gson.functional.MapTest" name="testBooleanKeyDeserialization"/>
  <testcase time="0.001" classname="com.google.gson.functional.MapTest" name="testMapDeserializationWithDuplicateKeys"/>
  <testcase time="0" classname="com.google.gson.functional.MapTest" name="testSerializeMapOfMaps"/>
  <testcase time="0.001" classname="com.google.gson.functional.MapTest" name="testDeerializeMapOfMaps"/>
  <testcase time="0" classname="com.google.gson.functional.MapTest" name="testMapNamePromotionWithJsonElementReader"/>
</testsuite>