<?xml version="1.0" encoding="UTF-8" ?>
<testsuite failures="0" time="0.009" errors="0" skipped="0" tests="34" name="com.google.gson.stream.JsonWriterTest">
  <properties>
[...]
</properties>
  <testcase time="0" classname="com.google.gson.stream.JsonWriterTest" name="testNumbers"/>
  <testcase time="0" classname="com.google.gson.stream.JsonWriterTest" name="testBooleans"/>
  <testcase time="0" classname="com.google.gson.stream.JsonWriterTest" name="testNulls"/>
  <testcase time="0" classname="com.google.gson.stream.JsonWriterTest" name="testStrings"/>
  <testcase time="0" classname="com.google.gson.stream.JsonWriterTest" name="testEmptyArray"/>
  <testcase time="0" classname="com.google.gson.stream.JsonWriterTest" name="testEmptyObject"/>
  <testcase time="0" classname="com.google.gson.stream.JsonWriterTest" name="testWrongTopLevelType"/>
  <testcase time="0" classname="com.google.gson.stream.JsonWriterTest" name="testTwoNames"/>
  <testcase time="0" classname="com.google.gson.stream.JsonWriterTest" name="testNameWithoutValue"/>
  <testcase time="0" classname="com.google.gson.stream.JsonWriterTest" name="testNullName"/>
  <testcase time="0" classname="com.google.gson.stream.JsonWriterTest" name="testValueWithoutName"/>
  <testcase time="0" classname="com.google.gson.stream.JsonWriterTest" name="testMultipleTopLevelValues"/>
  <testcase time="0" classname="com.google.gson.stream.JsonWriterTest" name="testBadNestingObject"/>
  <testcase time="0" classname="com.google.gson.stream.JsonWriterTest" name="testBadNestingArray"/>
  <testcase time="0" classname="com.google.gson.stream.JsonWriterTest" name="testNullStringValue"/>
  <testcase time="0" classname="com.google.gson.stream.JsonWriterTest" name="testNonFiniteDoubles"/>
  <testcase time="0" classname="com.google.gson.stream.JsonWriterTest" name="testNonFiniteBoxedDoubles"/>
  <testcase time="0.001" classname="com.google.gson.stream.JsonWriterTest" name="testDoubles"/>
  <testcase time="0" classname="com.google.gson.stream.JsonWriterTest" name="testLongs"/>
  <testcase time="0" classname="com.google.gson.stream.JsonWriterTest" name="testUnicodeLineBreaksEscaped"/>
  <testcase time="0" classname="com.google.gson.stream.JsonWriterTest" name="testObjectsInArrays"/>
  <testcase time="0" classname="com.google.gson.stream.JsonWriterTest" name="testArraysInObjects"/>
  <testcase time="0" classname="com.google.gson.stream.JsonWriterTest" name="testDeepNestingArrays"/>
  <testcase time="0" classname="com.google.gson.stream.JsonWriterTest" name="testDeepNestingObjects"/>
  <testcase time="0" classname="com.google.gson.stream.JsonWriterTest" name="testRepeatedName"/>
  <testcase time="0" classname="com.google.gson.stream.JsonWriterTest" name="testPrettyPrintObject"/>
  <testcase time="0" classname="com.google.gson.stream.JsonWriterTest" name="testPrettyPrintArray"/>
  <testcase time="0" classname="com.google.gson.stream.JsonWriterTest" name="testLenientWriterPermitsMultipleTopLevelValues"/>
  <testcase time="0" classname="com.google.gson.stream.JsonWriterTest" name="testStrictWriterDoesNotPermitMultipleTopLevelValues"/>
  <testcase time="0" classname="com.google.gson.stream.JsonWriterTest" name="testClosedWriterThrowsOnStructure"/>
  <testcase time="0" classname="com.google.gson.stream.JsonWriterTest" name="testClosedWriterThrowsOnName"/>
  <testcase time="0" classname="com.google.gson.stream.JsonWriterTest" name="testClosedWriterThrowsOnValue"/>
  <testcase time="0.001" classname="com.google.gson.stream.JsonWriterTest" name="testClosedWriterThrowsOnFlush"/>
  <testcase time="0" classname="com.google.gson.stream.JsonWriterTest" name="testWriterCloseIsIdempotent"/>
</testsuite>