<?xml version="1.0" encoding="UTF-8" ?>
<testsuite failures="0" time="0.034" errors="0" skipped="0" tests="4" name="com.google.gson.functional.ConcurrencyTest">
  <properties>
[...]
</properties>
  <testcase time="0.001" classname="com.google.gson.functional.ConcurrencyTest" name="testSingleThreadSerialization"/>
  <testcase time="0.001" classname="com.google.gson.functional.ConcurrencyTest" name="testSingleThreadDeserialization"/>
  <testcase time="0.028" classname="com.google.gson.functional.ConcurrencyTest" name="testMultiThreadSerialization"/>
  <testcase time="0.003" classname="com.google.gson.functional.ConcurrencyTest" name="testMultiThreadDeserialization"/>
</testsuite>