<?xml version="1.0" encoding="UTF-8" ?>
<testsuite failures="0" time="0.058" errors="0" skipped="0" tests="97" name="com.google.gson.functional.PrimitiveTest">
  <properties>
[...]
</properties>
  <testcase time="0" classname="com.google.gson.functional.PrimitiveTest" name="testPrimitiveIntegerAutoboxedSerialization"/>
  <testcase time="0" classname="com.google.gson.functional.PrimitiveTest" name="testPrimitiveIntegerAutoboxedDeserialization"/>
  <testcase time="0" classname="com.google.gson.functional.PrimitiveTest" name="testByteSerialization"/>
  <testcase time="0" classname="com.google.gson.functional.PrimitiveTest" name="testShortSerialization"/>
  <testcase time="0.001" classname="com.google.gson.functional.PrimitiveTest" name="testByteDeserialization"/>
  <testcase time="0" classname="com.google.gson.functional.PrimitiveTest" name="testPrimitiveIntegerAutoboxedInASingleElementArraySerialization"/>
  <testcase time="0" classname="com.google.gson.functional.PrimitiveTest" name="testReallyLongValuesSerialization"/>
  <testcase time="0" classname="com.google.gson.functional.PrimitiveTest" name="testReallyLongValuesDeserialization"/>
  <testcase time="0" classname="com.google.gson.functional.PrimitiveTest" name="testPrimitiveLongAutoboxedSerialization"/>
  <testcase time="0" classname="com.google.gson.functional.PrimitiveTest" name="testPrimitiveLongAutoboxedDeserialization"/>
  <testcase time="0.001" classname="com.google.gson.functional.PrimitiveTest" name="testPrimitiveLongAutoboxedInASingleElementArraySerialization"/>
  <testcase time="0" classname="com.google.gson.functional.PrimitiveTest" name="testPrimitiveBooleanAutoboxedSerialization"/>
  <testcase time="0" classname="com.google.gson.functional.PrimitiveTest" name="testBooleanDeserialization"/>
  <testcase time="0" classname="com.google.gson.functional.PrimitiveTest" name="testPrimitiveBooleanAutoboxedInASingleElementArraySerialization"/>
  <testcase time="0" classname="com.google.gson.functional.PrimitiveTest" name="testNumberSerialization"/>
  <testcase time="0" classname="com.google.gson.functional.PrimitiveTest" name="testNumberDeserialization"/>
  <testcase time="0" classname="com.google.gson.functional.PrimitiveTest" name="testPrimitiveDoubleAutoboxedSerialization"/>
  <testcase time="0" classname="com.google.gson.functional.PrimitiveTest" name="testPrimitiveDoubleAutoboxedDeserialization"/>
  <testcase time="0" classname="com.google.gson.functional.PrimitiveTest" name="testPrimitiveDoubleAutoboxedInASingleElementArraySerialization"/>
  <testcase time="0" classname="com.google.gson.functional.PrimitiveTest" name="testDoubleAsStringRepresentationDeserialization"/>
  <testcase time="0" classname="com.google.gson.functional.PrimitiveTest" name="testDoubleNoFractAsStringRepresentationDeserialization"/>
  <testcase time="0" classname="com.google.gson.functional.PrimitiveTest" name="testLargeDoubleDeserialization"/>
  <testcase time="0" classname="com.google.gson.functional.PrimitiveTest" name="testBigDecimalSerialization"/>
  <testcase time="0" classname="com.google.gson.functional.PrimitiveTest" name="testBigDecimalDeserialization"/>
  <testcase time="0" classname="com.google.gson.functional.PrimitiveTest" name="testBigDecimalInASingleElementArraySerialization"/>
  <testcase time="0" classname="com.google.gson.functional.PrimitiveTest" name="testSmallValueForBigDecimalSerialization"/>
  <testcase time="0" classname="com.google.gson.functional.PrimitiveTest" name="testSmallValueForBigDecimalDeserialization"/>
  <testcase time="0" classname="com.google.gson.functional.PrimitiveTest" name="testBigDecimalPreservePrecisionSerialization"/>
  <testcase time="0" classname="com.google.gson.functional.PrimitiveTest" name="testBigDecimalPreservePrecisionDeserialization"/>
  <testcase time="0.001" classname="com.google.gson.functional.PrimitiveTest" name="testBigDecimalAsStringRepresentationDeserialization"/>
  <testcase time="0" classname="com.google.gson.functional.PrimitiveTest" name="testBigDecimalNoFractAsStringRepresentationDeserialization"/>
  <testcase time="0" classname="com.google.gson.functional.PrimitiveTest" name="testBigIntegerSerialization"/>
  <testcase time="0" classname="com.google.gson.functional.PrimitiveTest" name="testBigIntegerDeserialization"/>
  <testcase time="0" classname="com.google.gson.functional.PrimitiveTest" name="testBigIntegerInASingleElementArraySerialization"/>
  <testcase time="0.001" classname="com.google.gson.functional.PrimitiveTest" name="testSmallValueForBigIntegerSerialization"/>
  <testcase time="0" classname="com.google.gson.functional.PrimitiveTest" name="testSmallValueForBigIntegerDeserialization"/>
  <testcase time="0" classname="com.google.gson.functional.PrimitiveTest" name="testBadValueForBigIntegerDeserialization"/>
  <testcase time="0" classname="com.google.gson.functional.PrimitiveTest" name="testMoreSpecificSerialization"/>
  <testcase time="0" classname="com.google.gson.functional.PrimitiveTest" name="testDoubleNaNSerializationNotSupportedByDefault"/>
  <testcase time="0" classname="com.google.gson.functional.PrimitiveTest" name="testDoubleNaNSerialization"/>
  <testcase time="0" classname="com.google.gson.functional.PrimitiveTest" name="testDoubleNaNDeserialization"/>
  <testcase time="0.001" classname="com.google.gson.functional.PrimitiveTest" name="testFloatNaNSerializationNotSupportedByDefault"/>
  <testcase time="0" classname="com.google.gson.functional.PrimitiveTest" name="testFloatNaNSerialization"/>
  <testcase time="0" classname="com.google.gson.functional.PrimitiveTest" name="testFloatNaNDeserialization"/>
  <testcase time="0" classname="com.google.gson.functional.PrimitiveTest" name="testBigDecimalNaNDeserializationNotSupported"/>
  <testcase time="0" classname="com.google.gson.functional.PrimitiveTest" name="testDoubleInfinitySerializationNotSupportedByDefault"/>
  <testcase time="0" classname="com.google.gson.functional.PrimitiveTest" name="testDoubleInfinitySerialization"/>
  <testcase time="0" classname="com.google.gson.functional.PrimitiveTest" name="testDoubleInfinityDeserialization"/>
  <testcase time="0" classname="com.google.gson.functional.PrimitiveTest" name="testFloatInfinitySerializationNotSupportedByDefault"/>
  <testcase time="0" classname="com.google.gson.functional.PrimitiveTest" name="testFloatInfinitySerialization"/>
  <testcase time="0" classname="com.google.gson.functional.PrimitiveTest" name="testFloatInfinityDeserialization"/>
  <testcase time="0" classname="com.google.gson.functional.PrimitiveTest" name="testBigDecimalInfinityDeserializationNotSupported"/>
  <testcase time="0" classname="com.google.gson.functional.PrimitiveTest" name="testNegativeInfinitySerializationNotSupportedByDefault"/>
  <testcase time="0" classname="com.google.gson.functional.PrimitiveTest" name="testNegativeInfinitySerialization"/>
  <testcase time="0" classname="com.google.gson.functional.PrimitiveTest" name="testNegativeInfinityDeserialization"/>
  <testcase time="0.001" classname="com.google.gson.functional.PrimitiveTest" name="testNegativeInfinityFloatSerializationNotSupportedByDefault"/>
  <testcase time="0" classname="com.google.gson.functional.PrimitiveTest" name="testNegativeInfinityFloatSerialization"/>
  <testcase time="0" classname="com.google.gson.functional.PrimitiveTest" name="testNegativeInfinityFloatDeserialization"/>
  <testcase time="0" classname="com.google.gson.functional.PrimitiveTest" name="testBigDecimalNegativeInfinityDeserializationNotSupported"/>
  <testcase time="0" classname="com.google.gson.functional.PrimitiveTest" name="testLongAsStringSerialization"/>
  <testcase time="0" classname="com.google.gson.functional.PrimitiveTest" name="testLongAsStringDeserialization"/>
  <testcase time="0" classname="com.google.gson.functional.PrimitiveTest" name="testQuotedStringSerializationAndDeserialization"/>
  <testcase time="0.001" classname="com.google.gson.functional.PrimitiveTest" name="testUnquotedStringDeserializationFails"/>
  <testcase time="0" classname="com.google.gson.functional.PrimitiveTest" name="testHtmlCharacterSerialization"/>
  <testcase time="0.032" classname="com.google.gson.functional.PrimitiveTest" name="testDeserializePrimitiveWrapperAsObjectField"/>
  <testcase time="0" classname="com.google.gson.functional.PrimitiveTest" name="testPrimitiveClassLiteral"/>
  <testcase time="0" classname="com.google.gson.functional.PrimitiveTest" name="testDeserializeJsonObjectAsLongPrimitive"/>
  <testcase time="0.001" classname="com.google.gson.functional.PrimitiveTest" name="testDeserializeJsonArrayAsLongWrapper"/>
  <testcase time="0" classname="com.google.gson.functional.PrimitiveTest" name="testDeserializeJsonArrayAsInt"/>
  <testcase time="0" classname="com.google.gson.functional.PrimitiveTest" name="testDeserializeJsonObjectAsInteger"/>
  <testcase time="0" classname="com.google.gson.functional.PrimitiveTest" name="testDeserializeJsonObjectAsShortPrimitive"/>
  <testcase time="0" classname="com.google.gson.functional.PrimitiveTest" name="testDeserializeJsonArrayAsShortWrapper"/>
  <testcase time="0" classname="com.google.gson.functional.PrimitiveTest" name="testDeserializeJsonArrayAsDoublePrimitive"/>
  <testcase time="0" classname="com.google.gson.functional.PrimitiveTest" name="testDeserializeJsonObjectAsDoubleWrapper"/>
  <testcase time="0" classname="com.google.gson.functional.PrimitiveTest" name="testDeserializeJsonObjectAsFloatPrimitive"/>
  <testcase time="0" classname="com.google.gson.functional.PrimitiveTest" name="testDeserializeJsonArrayAsFloatWrapper"/>
  <testcase time="0" classname="com.google.gson.functional.PrimitiveTest" name="testDeserializeJsonObjectAsBytePrimitive"/>
  <testcase time="0" classname="com.google.gson.functional.PrimitiveTest" name="testDeserializeJsonArrayAsByteWrapper"/>
  <testcase time="0.001" classname="com.google.gson.functional.PrimitiveTest" name="testDeserializeJsonObjectAsBooleanPrimitive"/>
  <testcase time="0" classname="com.google.gson.functional.PrimitiveTest" name="testDeserializeJsonArrayAsBooleanWrapper"/>
  <testcase time="0" classname="com.google.gson.functional.PrimitiveTest" name="testDeserializeJsonArrayAsBigDecimal"/>
  <testcase time="0" classname="com.google.gson.functional.PrimitiveTest" name="testDeserializeJsonObjectAsBigDecimal"/>
  <testcase time="0" classname="com.google.gson.functional.PrimitiveTest" name="testDeserializeJsonArrayAsBigInteger"/>
  <testcase time="0" classname="com.google.gson.functional.PrimitiveTest" name="testDeserializeJsonObjectAsBigInteger"/>
  <testcase time="0" classname="com.google.gson.functional.PrimitiveTest" name="testDeserializeJsonArrayAsNumber"/>
  <testcase time="0" classname="com.google.gson.functional.PrimitiveTest" name="testDeserializeJsonObjectAsNumber"/>
  <testcase time="0" classname="com.google.gson.functional.PrimitiveTest" name="testDeserializingDecimalPointValueZeroSucceeds"/>
  <testcase time="0" classname="com.google.gson.functional.PrimitiveTest" name="testDeserializingNonZeroDecimalPointValuesAsIntegerFails"/>
  <testcase time="0.001" classname="com.google.gson.functional.PrimitiveTest" name="testDeserializingBigDecimalAsIntegerFails"/>
  <testcase time="0" classname="com.google.gson.functional.PrimitiveTest" name="testDeserializingBigIntegerAsInteger"/>
  <testcase time="0.001" classname="com.google.gson.functional.PrimitiveTest" name="testDeserializingBigIntegerAsLong"/>
  <testcase time="0.001" classname="com.google.gson.functional.PrimitiveTest" name="testValueVeryCloseToZeroIsZero"/>
  <testcase time="0" classname="com.google.gson.functional.PrimitiveTest" name="testDeserializingBigDecimalAsFloat"/>
  <testcase time="0" classname="com.google.gson.functional.PrimitiveTest" name="testDeserializingBigDecimalAsDouble"/>
  <testcase time="0" classname="com.google.gson.functional.PrimitiveTest" name="testDeserializingBigDecimalAsBigIntegerFails"/>
  <testcase time="0" classname="com.google.gson.functional.PrimitiveTest" name="testDeserializingBigIntegerAsBigDecimal"/>
  <testcase time="0.001" classname="com.google.gson.functional.PrimitiveTest" name="testStringsAsBooleans"/>
</testsuite>