<?xml version="1.0" encoding="UTF-8" ?>
<testsuite failures="0" time="0.024" errors="0" skipped="0" tests="43" name="com.google.gson.functional.ObjectTest">
  <properties>
[...]
</properties>
  <testcase time="0" classname="com.google.gson.functional.ObjectTest" name="testJsonInSingleQuotesDeserialization"/>
  <testcase time="0" classname="com.google.gson.functional.ObjectTest" name="testJsonInMixedQuotesDeserialization"/>
  <testcase time="0" classname="com.google.gson.functional.ObjectTest" name="testBagOfPrimitivesSerialization"/>
  <testcase time="0.001" classname="com.google.gson.functional.ObjectTest" name="testBagOfPrimitivesDeserialization"/>
  <testcase time="0" classname="com.google.gson.functional.ObjectTest" name="testBagOfPrimitiveWrappersSerialization"/>
  <testcase time="0" classname="com.google.gson.functional.ObjectTest" name="testBagOfPrimitiveWrappersDeserialization"/>
  <testcase time="0" classname="com.google.gson.functional.ObjectTest" name="testClassWithTransientFieldsSerialization"/>
  <testcase time="0.001" classname="com.google.gson.functional.ObjectTest" name="testClassWithTransientFieldsDeserialization"/>
  <testcase time="0" classname="com.google.gson.functional.ObjectTest" name="testClassWithTransientFieldsDeserializationTransientFieldsPassedInJsonAreIgnored"/>
  <testcase time="0" classname="com.google.gson.functional.ObjectTest" name="testClassWithNoFieldsSerialization"/>
  <testcase time="0" classname="com.google.gson.functional.ObjectTest" name="testClassWithNoFieldsDeserialization"/>
  <testcase time="0" classname="com.google.gson.functional.ObjectTest" name="testNestedSerialization"/>
  <testcase time="0" classname="com.google.gson.functional.ObjectTest" name="testNestedDeserialization"/>
  <testcase time="0" classname="com.google.gson.functional.ObjectTest" name="testNullSerialization"/>
  <testcase time="0" classname="com.google.gson.functional.ObjectTest" name="testEmptyStringDeserialization"/>
  <testcase time="0.001" classname="com.google.gson.functional.ObjectTest" name="testTruncatedDeserialization"/>
  <testcase time="0" classname="com.google.gson.functional.ObjectTest" name="testNullDeserialization"/>
  <testcase time="0" classname="com.google.gson.functional.ObjectTest" name="testNullFieldsSerialization"/>
  <testcase time="0" classname="com.google.gson.functional.ObjectTest" name="testNullFieldsDeserialization"/>
  <testcase time="0.001" classname="com.google.gson.functional.ObjectTest" name="testArrayOfObjectsSerialization"/>
  <testcase time="0" classname="com.google.gson.functional.ObjectTest" name="testArrayOfObjectsDeserialization"/>
  <testcase time="0.003" classname="com.google.gson.functional.ObjectTest" name="testArrayOfArraysSerialization"/>
  <testcase time="0.001" classname="com.google.gson.functional.ObjectTest" name="testArrayOfArraysDeserialization"/>
  <testcase time="0.001" classname="com.google.gson.functional.ObjectTest" name="testArrayOfObjectsAsFields"/>
  <testcase time="0" classname="com.google.gson.functional.ObjectTest" name="testNullArraysDeserialization"/>
  <testcase time="0.001" classname="com.google.gson.functional.ObjectTest" name="testNullObjectFieldsDeserialization"/>
  <testcase time="0.002" classname="com.google.gson.functional.ObjectTest" name="testEmptyCollectionInAnObjectDeserialization"/>
  <testcase time="0.001" classname="com.google.gson.functional.ObjectTest" name="testPrimitiveArrayInAnObjectDeserialization"/>
  <testcase time="0" classname="com.google.gson.functional.ObjectTest" name="testNullPrimitiveFieldsDeserialization"/>
  <testcase time="0" classname="com.google.gson.functional.ObjectTest" name="testEmptyCollectionInAnObjectSerialization"/>
  <testcase time="0.001" classname="com.google.gson.functional.ObjectTest" name="testPrivateNoArgConstructorDeserialization"/>
  <testcase time="0" classname="com.google.gson.functional.ObjectTest" name="testAnonymousLocalClassesSerialization"/>
  <testcase time="0.001" classname="com.google.gson.functional.ObjectTest" name="testPrimitiveArrayFieldSerialization"/>
  <testcase time="0" classname="com.google.gson.functional.ObjectTest" name="testClassWithObjectFieldSerialization"/>
  <testcase time="0" classname="com.google.gson.functional.ObjectTest" name="testInnerClassSerialization"/>
  <testcase time="0" classname="com.google.gson.functional.ObjectTest" name="testInnerClassDeserialization"/>
  <testcase time="0.001" classname="com.google.gson.functional.ObjectTest" name="testObjectFieldNamesWithoutQuotesDeserialization"/>
  <testcase time="0" classname="com.google.gson.functional.ObjectTest" name="testStringFieldWithNumberValueDeserialization"/>
  <testcase time="0" classname="com.google.gson.functional.ObjectTest" name="testStringFieldWithEmptyValueSerialization"/>
  <testcase time="0" classname="com.google.gson.functional.ObjectTest" name="testStringFieldWithEmptyValueDeserialization"/>
  <testcase time="0" classname="com.google.gson.functional.ObjectTest" name="testJsonObjectSerialization"/>
  <testcase time="0.001" classname="com.google.gson.functional.ObjectTest" name="testSingletonLists"/>
  <testcase time="0.001" classname="com.google.gson.functional.ObjectTest" name="testDateAsMapObjectField"/>
</testsuite>