<?xml version="1.0" encoding="UTF-8" ?>
<testsuite failures="0" time="0.316" errors="0" skipped="0" tests="65" name="com.google.gson.functional.DefaultTypeAdaptersTest">
  <properties>
[...]
</properties>
  <testcase time="0.158" classname="com.google.gson.functional.DefaultTypeAdaptersTest" name="testSetSerialization"/>
  <testcase time="0.004" classname="com.google.gson.functional.DefaultTypeAdaptersTest" name="testClassSerialization"/>
  <testcase time="0.004" classname="com.google.gson.functional.DefaultTypeAdaptersTest" name="testClassDeserialization"/>
  <testcase time="0" classname="com.google.gson.functional.DefaultTypeAdaptersTest" name="testUrlSerialization"/>
  <testcase time="0" classname="com.google.gson.functional.DefaultTypeAdaptersTest" name="testUrlDeserialization"/>
  <testcase time="0.004" classname="com.google.gson.functional.DefaultTypeAdaptersTest" name="testUrlNullSerialization"/>
  <testcase time="0" classname="com.google.gson.functional.DefaultTypeAdaptersTest" name="testUrlNullDeserialization"/>
  <testcase time="0" classname="com.google.gson.functional.DefaultTypeAdaptersTest" name="testUriSerialization"/>
  <testcase time="0" classname="com.google.gson.functional.DefaultTypeAdaptersTest" name="testUriDeserialization"/>
  <testcase time="0" classname="com.google.gson.functional.DefaultTypeAdaptersTest" name="testUuidSerialization"/>
  <testcase time="0.001" classname="com.google.gson.functional.DefaultTypeAdaptersTest" name="testUuidDeserialization"/>
  <testcase time="0" classname="com.google.gson.functional.DefaultTypeAdaptersTest" name="testLocaleSerializationWithLanguage"/>
  <testcase time="0" classname="com.google.gson.functional.DefaultTypeAdaptersTest" name="testLocaleDeserializationWithLanguage"/>
  <testcase time="0.001" classname="com.google.gson.functional.DefaultTypeAdaptersTest" name="testLocaleSerializationWithLanguageCountry"/>
  <testcase time="0" classname="com.google.gson.functional.DefaultTypeAdaptersTest" name="testLocaleDeserializationWithLanguageCountry"/>
  <testcase time="0" classname="com.google.gson.functional.DefaultTypeAdaptersTest" name="testLocaleSerializationWithLanguageCountryVariant"/>
  <testcase time="0" classname="com.google.gson.functional.DefaultTypeAdaptersTest" name="testLocaleDeserializationWithLanguageCountryVariant"/>
  <testcase time="0.007" classname="com.google.gson.functional.DefaultTypeAdaptersTest" name="testBigDecimalFieldSerialization"/>
  <testcase time="0" classname="com.google.gson.functional.DefaultTypeAdaptersTest" name="testBigDecimalFieldDeserialization"/>
  <testcase time="0" classname="com.google.gson.functional.DefaultTypeAdaptersTest" name="testBadValueForBigDecimalDeserialization"/>
  <testcase time="0.001" classname="com.google.gson.functional.DefaultTypeAdaptersTest" name="testBigIntegerFieldSerialization"/>
  <testcase time="0" classname="com.google.gson.functional.DefaultTypeAdaptersTest" name="testBigIntegerFieldDeserialization"/>
  <testcase time="0.001" classname="com.google.gson.functional.DefaultTypeAdaptersTest" name="testOverrideBigIntegerTypeAdapter"/>
  <testcase time="0" classname="com.google.gson.functional.DefaultTypeAdaptersTest" name="testBitSetSerialization"/>
  <testcase time="0" classname="com.google.gson.functional.DefaultTypeAdaptersTest" name="testOverrideBigDecimalTypeAdapter"/>
  <testcase time="0.001" classname="com.google.gson.functional.DefaultTypeAdaptersTest" name="testBitSetDeserialization"/>
  <testcase time="0.004" classname="com.google.gson.functional.DefaultTypeAdaptersTest" name="testDefaultDateSerialization"/>
  <testcase time="0.001" classname="com.google.gson.functional.DefaultTypeAdaptersTest" name="testDefaultDateDeserialization"/>
  <testcase time="0" classname="com.google.gson.functional.DefaultTypeAdaptersTest" name="testDefaultJavaSqlDateSerialization"/>
  <testcase time="0.001" classname="com.google.gson.functional.DefaultTypeAdaptersTest" name="testDefaultJavaSqlDateDeserialization"/>
  <testcase time="0.001" classname="com.google.gson.functional.DefaultTypeAdaptersTest" name="testDefaultJavaSqlTimestampSerialization"/>
  <testcase time="0" classname="com.google.gson.functional.DefaultTypeAdaptersTest" name="testDefaultJavaSqlTimestampDeserialization"/>
  <testcase time="0" classname="com.google.gson.functional.DefaultTypeAdaptersTest" name="testDefaultJavaSqlTimeSerialization"/>
  <testcase time="0" classname="com.google.gson.functional.DefaultTypeAdaptersTest" name="testDefaultJavaSqlTimeDeserialization"/>
  <testcase time="0.001" classname="com.google.gson.functional.DefaultTypeAdaptersTest" name="testDefaultDateSerializationUsingBuilder"/>
  <testcase time="0.002" classname="com.google.gson.functional.DefaultTypeAdaptersTest" name="testDefaultDateDeserializationUsingBuilder"/>
  <testcase time="0.001" classname="com.google.gson.functional.DefaultTypeAdaptersTest" name="testDefaultCalendarSerialization"/>
  <testcase time="0" classname="com.google.gson.functional.DefaultTypeAdaptersTest" name="testDefaultCalendarDeserialization"/>
  <testcase time="0" classname="com.google.gson.functional.DefaultTypeAdaptersTest" name="testDefaultGregorianCalendarSerialization"/>
  <testcase time="0" classname="com.google.gson.functional.DefaultTypeAdaptersTest" name="testDefaultGregorianCalendarDeserialization"/>
  <testcase time="0.003" classname="com.google.gson.functional.DefaultTypeAdaptersTest" name="testDateSerializationWithPattern"/>
  <testcase time="0" classname="com.google.gson.functional.DefaultTypeAdaptersTest" name="testDateDeserializationWithPattern"/>
  <testcase time="0" classname="com.google.gson.functional.DefaultTypeAdaptersTest" name="testDateSerializationWithPatternNotOverridenByTypeAdapter"/>
  <testcase time="0.002" classname="com.google.gson.functional.DefaultTypeAdaptersTest" name="testDateSerializationInCollection"/>
  <testcase time="0" classname="com.google.gson.functional.DefaultTypeAdaptersTest" name="testTimestampSerialization"/>
  <testcase time="0" classname="com.google.gson.functional.DefaultTypeAdaptersTest" name="testSqlDateSerialization"/>
  <testcase time="0.001" classname="com.google.gson.functional.DefaultTypeAdaptersTest" name="testJsonPrimitiveSerialization"/>
  <testcase time="0" classname="com.google.gson.functional.DefaultTypeAdaptersTest" name="testJsonPrimitiveDeserialization"/>
  <testcase time="0" classname="com.google.gson.functional.DefaultTypeAdaptersTest" name="testJsonNullSerialization"/>
  <testcase time="0" classname="com.google.gson.functional.DefaultTypeAdaptersTest" name="testNullJsonElementSerialization"/>
  <testcase time="0.001" classname="com.google.gson.functional.DefaultTypeAdaptersTest" name="testJsonArraySerialization"/>
  <testcase time="0" classname="com.google.gson.functional.DefaultTypeAdaptersTest" name="testJsonArrayDeerialization"/>
  <testcase time="0.003" classname="com.google.gson.functional.DefaultTypeAdaptersTest" name="testJsonObjectDeerialization"/>
  <testcase time="0" classname="com.google.gson.functional.DefaultTypeAdaptersTest" name="testJsonNullDeerialization"/>
  <testcase time="0" classname="com.google.gson.functional.DefaultTypeAdaptersTest" name="testNullJsonElementDeserialization"/>
  <testcase time="0" classname="com.google.gson.functional.DefaultTypeAdaptersTest" name="testPropertiesSerialization"/>
  <testcase time="0.001" classname="com.google.gson.functional.DefaultTypeAdaptersTest" name="testTreeSetSerialization"/>
  <testcase time="0.002" classname="com.google.gson.functional.DefaultTypeAdaptersTest" name="testNullSerialization"/>
  <testcase time="0" classname="com.google.gson.functional.DefaultTypeAdaptersTest" name="testJsonObjectSerialization"/>
  <testcase time="0" classname="com.google.gson.functional.DefaultTypeAdaptersTest" name="testPropertiesDeserialization"/>
  <testcase time="0.001" classname="com.google.gson.functional.DefaultTypeAdaptersTest" name="testTreeSetDeserialization"/>
  <testcase time="0" classname="com.google.gson.functional.DefaultTypeAdaptersTest" name="testStringBuilderSerialization"/>
  <testcase time="0" classname="com.google.gson.functional.DefaultTypeAdaptersTest" name="testStringBuilderDeserialization"/>
  <testcase time="0.001" classname="com.google.gson.functional.DefaultTypeAdaptersTest" name="testStringBufferSerialization"/>
  <testcase time="0" classname="com.google.gson.functional.DefaultTypeAdaptersTest" name="testStringBufferDeserialization"/>
</testsuite>